C:\USERS\ASULIN\DESKTOP\DROPBOX\ליאור\מכללה\סמסטר א' 2013\תקשורת מחשבים\PROJECTS\EX2\UDPHW\HWUDPCLIENT\HWUDPCLIENT\DEBUG\UDPCLIENT.OBJ
C:\USERS\ASULIN\DESKTOP\DROPBOX\ליאור\מכללה\סמסטר א' 2013\תקשורת מחשבים\PROJECTS\EX2\UDPHW\HWUDPCLIENT\HWUDPCLIENT\DEBUG\VC110.PDB
C:\USERS\ASULIN\DESKTOP\DROPBOX\ליאור\מכללה\סמסטר א' 2013\תקשורת מחשבים\PROJECTS\EX2\UDPHW\HWUDPCLIENT\DEBUG\HWUDPCLIENT.ILK
C:\USERS\ASULIN\DESKTOP\DROPBOX\ליאור\מכללה\סמסטר א' 2013\תקשורת מחשבים\PROJECTS\EX2\UDPHW\HWUDPCLIENT\DEBUG\HWUDPCLIENT.EXE
C:\USERS\ASULIN\DESKTOP\DROPBOX\ליאור\מכללה\סמסטר א' 2013\תקשורת מחשבים\PROJECTS\EX2\UDPHW\HWUDPCLIENT\DEBUG\HWUDPCLIENT.PDB
C:\Users\Asulin\Desktop\Dropbox\ליאור\מכללה\סמסטר א' 2013\תקשורת מחשבים\projects\Ex2\UdpHw\HWudpClient\HWudpClient\Debug\udpClient.obj
C:\Users\Asulin\Desktop\Dropbox\ליאור\מכללה\סמסטר א' 2013\תקשורת מחשבים\projects\Ex2\UdpHw\HWudpClient\HWudpClient\Debug\cl.command.1.tlog
C:\Users\Asulin\Desktop\Dropbox\ליאור\מכללה\סמסטר א' 2013\תקשורת מחשבים\projects\Ex2\UdpHw\HWudpClient\HWudpClient\Debug\CL.read.1.tlog
C:\Users\Asulin\Desktop\Dropbox\ליאור\מכללה\סמסטר א' 2013\תקשורת מחשבים\projects\Ex2\UdpHw\HWudpClient\HWudpClient\Debug\CL.write.1.tlog
C:\Users\Asulin\Desktop\Dropbox\ליאור\מכללה\סמסטר א' 2013\תקשורת מחשבים\projects\Ex2\UdpHw\HWudpClient\HWudpClient\Debug\link-cvtres.read.1.tlog
C:\Users\Asulin\Desktop\Dropbox\ליאור\מכללה\סמסטר א' 2013\תקשורת מחשבים\projects\Ex2\UdpHw\HWudpClient\HWudpClient\Debug\link-cvtres.write.1.tlog
C:\Users\Asulin\Desktop\Dropbox\ליאור\מכללה\סמסטר א' 2013\תקשורת מחשבים\projects\Ex2\UdpHw\HWudpClient\HWudpClient\Debug\link-rc.read.1.tlog
C:\Users\Asulin\Desktop\Dropbox\ליאור\מכללה\סמסטר א' 2013\תקשורת מחשבים\projects\Ex2\UdpHw\HWudpClient\HWudpClient\Debug\link-rc.write.1.tlog
C:\Users\Asulin\Desktop\Dropbox\ליאור\מכללה\סמסטר א' 2013\תקשורת מחשבים\projects\Ex2\UdpHw\HWudpClient\HWudpClient\Debug\link.command.1.tlog
C:\Users\Asulin\Desktop\Dropbox\ליאור\מכללה\סמסטר א' 2013\תקשורת מחשבים\projects\Ex2\UdpHw\HWudpClient\HWudpClient\Debug\link.read.1.tlog
C:\Users\Asulin\Desktop\Dropbox\ליאור\מכללה\סמסטר א' 2013\תקשורת מחשבים\projects\Ex2\UdpHw\HWudpClient\HWudpClient\Debug\link.write.1.tlog
C:\Users\Asulin\Desktop\Dropbox\ליאור\מכללה\סמסטר א' 2013\תקשורת מחשבים\projects\Ex2\UdpHw\HWudpClient\HWudpClient\Debug\vc110.idb
C:\Users\Asulin\Desktop\Dropbox\ליאור\מכללה\סמסטר א' 2013\תקשורת מחשבים\projects\Ex2\UdpHw\HWudpClient\HWudpClient\Debug\vc110.pdb
C:\Users\Asulin\Desktop\Dropbox\ליאור\מכללה\סמסטר א' 2013\תקשורת מחשבים\projects\Ex2\UdpHw\HWudpClient\Debug\HWudpClient.pdb
C:\Users\Asulin\Desktop\Dropbox\ליאור\מכללה\סמסטר א' 2013\תקשורת מחשבים\projects\Ex2\UdpHw\HWudpClient\Debug\HWudpClient.exe
C:\Users\Asulin\Desktop\Dropbox\ליאור\מכללה\סמסטר א' 2013\תקשורת מחשבים\projects\Ex2\UdpHw\HWudpClient\Debug\HWudpClient.ilk
